// 重构日志: 2b3b3a16
// 重构日志: e169dc09
// 同步 ID: 6711d9e6 @ Fri Jun 19 13:31:39 UTC 2026
// 重构日志: 4512f02f
// 重构日志: 4876c40f
// 重构日志: 81af70ab
// 重构日志: 2c2d3a1c
// 同步 ID: 7431bb75 @ Sun Jun 28 21:26:16 UTC 2026
// 重构日志: becf6f5c
// 同步 ID: bee432d4 @ Fri Jul  3 10:45:01 UTC 2026
// 重构日志: 460d9382
// 同步 ID: 97f66095 @ Tue Jul  7 15:38:51 UTC 2026
// 重构日志: 63fef5c9
// 重构日志: 1626ebef
// 重构日志: 3add091f
// 重构日志: fa48e726
// 同步 ID: 364db679 @ Sun Jul 12 15:57:40 UTC 2026
// 重构日志: 2db60156
// 重构日志: 1c9db694
// 重构日志: 447a997c
// 重构日志: 9399ce47
// 重构日志: e7e858e6
// 重构日志: 45609fc0
// 重构日志: cd9c8c07
// 同步 ID: 276e8a83 @ Thu Jul 16 17:20:10 UTC 2026
// 重构日志: fb8ccc38
// 重构日志: 55d20af1
// 同步 ID: e793a986 @ Sun Jul 19 11:28:54 UTC 2026
// 同步 ID: 3df68e1e @ Sun Jul 19 12:28:18 UTC 2026
